0 info it worked if it ends with ok
1 verbose cli [ 'C:\\Program Files (x86)\\nodejs\\\\node.exe',
1 verbose cli   'C:\\Program Files (x86)\\nodejs\\node_modules\\npm\\bin\\npm-cli.js',
1 verbose cli   'install',
1 verbose cli   'Q' ]
2 info using npm@1.4.28
3 info using node@v0.10.34
4 verbose node symlink C:\Program Files (x86)\nodejs\\node.exe
5 warn package.json node-js-adybot@0.1.2 No README data
6 warn package.json http@0.0.0 http is also the name of a node core module.
7 warn package.json http@0.0.0 No description
8 warn package.json http@0.0.0 No repository field.
9 verbose readDependencies using package.json deps
10 verbose cache add [ 'Q', null ]
11 verbose cache add name=undefined spec="Q" args=["Q",null]
12 verbose parsed url { protocol: null,
12 verbose parsed url   slashes: null,
12 verbose parsed url   auth: null,
12 verbose parsed url   host: null,
12 verbose parsed url   port: null,
12 verbose parsed url   hostname: null,
12 verbose parsed url   hash: null,
12 verbose parsed url   search: null,
12 verbose parsed url   query: null,
12 verbose parsed url   pathname: 'Q',
12 verbose parsed url   path: 'Q',
12 verbose parsed url   href: 'Q' }
13 silly lockFile c3156e00-Q Q
14 verbose lock Q C:\Users\Ady\AppData\Roaming\npm-cache\c3156e00-Q.lock
15 silly lockFile c3156e00-Q Q
16 silly lockFile c3156e00-Q Q
17 verbose addNamed [ 'Q', '' ]
18 verbose addNamed [ null, '*' ]
19 silly lockFile 561e3931-Q Q@
20 verbose lock Q@ C:\Users\Ady\AppData\Roaming\npm-cache\561e3931-Q.lock
21 silly addNameRange { name: 'Q', range: '*', hasData: false }
22 verbose request where is /Q
23 verbose request registry https://registry.npmjs.org/
24 verbose request id 6445f73e3e233fe4
25 verbose url raw /Q
26 verbose url resolving [ 'https://registry.npmjs.org/', './Q' ]
27 verbose url resolved https://registry.npmjs.org/Q
28 verbose request where is https://registry.npmjs.org/Q
29 info trying registry request attempt 1 at 21:51:42
30 http GET https://registry.npmjs.org/Q
31 http 404 https://registry.npmjs.org/Q
32 verbose headers { date: 'Sat, 27 Dec 2014 19:51:45 GMT',
32 verbose headers   server: 'CouchDB/1.5.0 (Erlang OTP/R16B03)',
32 verbose headers   'content-type': 'application/json',
32 verbose headers   'cache-control': 'max-age=0',
32 verbose headers   'content-length': '52',
32 verbose headers   'accept-ranges': 'bytes',
32 verbose headers   via: '1.1 varnish',
32 verbose headers   age: '0',
32 verbose headers   'x-served-by': 'cache-lcy1126-LCY',
32 verbose headers   'x-cache': 'MISS',
32 verbose headers   'x-cache-hits': '0',
32 verbose headers   'x-timer': 'S1419709904.894460,VS0,VE422',
32 verbose headers   'keep-alive': 'timeout=10, max=50',
32 verbose headers   connection: 'Keep-Alive' }
33 silly registry.get cb [ 404,
33 silly registry.get   { date: 'Sat, 27 Dec 2014 19:51:45 GMT',
33 silly registry.get     server: 'CouchDB/1.5.0 (Erlang OTP/R16B03)',
33 silly registry.get     'content-type': 'application/json',
33 silly registry.get     'cache-control': 'max-age=0',
33 silly registry.get     'content-length': '52',
33 silly registry.get     'accept-ranges': 'bytes',
33 silly registry.get     via: '1.1 varnish',
33 silly registry.get     age: '0',
33 silly registry.get     'x-served-by': 'cache-lcy1126-LCY',
33 silly registry.get     'x-cache': 'MISS',
33 silly registry.get     'x-cache-hits': '0',
33 silly registry.get     'x-timer': 'S1419709904.894460,VS0,VE422',
33 silly registry.get     'keep-alive': 'timeout=10, max=50',
33 silly registry.get     connection: 'Keep-Alive' } ]
34 silly lockFile 561e3931-Q Q@
35 silly lockFile 561e3931-Q Q@
36 error 404 404 Not Found: Q
36 error 404
36 error 404 'Q' is not in the npm registry.
36 error 404 You should bug the author to publish it
36 error 404 It was specified as a dependency of 'node-js-adybot'
36 error 404
36 error 404 Note that you can also install from a
36 error 404 tarball, folder, or http url, or git url.
37 error System Windows_NT 6.1.7601
38 error command "C:\\Program Files (x86)\\nodejs\\\\node.exe" "C:\\Program Files (x86)\\nodejs\\node_modules\\npm\\bin\\npm-cli.js" "install" "Q"
39 error cwd C:\Users\Ady\Dropbox\Apps\Heroku\adybot
40 error node -v v0.10.34
41 error npm -v 1.4.28
42 error code E404
43 verbose exit [ 1, true ]
